<?xml version="1.0" encoding="UTF-8"?>
<!-- Generated by org.testng.reporters.JUnitReportReporter -->
<testsuite hostname="DDC5-L-2J9T5Q2" name="com.selenium_test.Hdfc_netbanking_frame_demo" tests="1" failures="0" timestamp="26 Dec 2019 16:13:01 GMT" time="46.170" errors="0">
  <testcase name="hdfc_netbanking" time="46.170" classname="com.selenium_test.Hdfc_netbanking_frame_demo"/>
</testsuite> <!-- com.selenium_test.Hdfc_netbanking_frame_demo -->
