<?xml version="1.0" encoding="UTF-8"?>
<!-- Generated by org.testng.reporters.JUnitReportReporter -->
<testsuite hostname="DDC5-L-2J9T5Q2" name="com.selenium_test.Testng_demo2" tests="1" failures="0" timestamp="26 Dec 2019 16:13:01 GMT" time="21.583" errors="0">
  <testcase name="frame_handling" time="21.583" classname="com.selenium_test.Testng_demo2"/>
</testsuite> <!-- com.selenium_test.Testng_demo2 -->
