<?xml version="1.0" encoding="UTF-8"?>
<!-- Generated by org.testng.reporters.JUnitReportReporter -->
<testsuite hostname="DDC5-L-2J9T5Q2" name="com.selenium_test.Testng_demo1" tests="3" failures="0" timestamp="26 Dec 2019 16:13:00 GMT" time="0.003" errors="0">
  <testcase name="gmail" time="0.001" classname="com.selenium_test.Testng_demo1"/>
  <testcase name="facebook" time="0.001" classname="com.selenium_test.Testng_demo1"/>
  <testcase name="google" time="0.001" classname="com.selenium_test.Testng_demo1"/>
</testsuite> <!-- com.selenium_test.Testng_demo1 -->
